<?xml version="1.0" encoding="UTF-8"?>
<!-- Generated by org.testng.reporters.JUnitReportReporter -->
<testsuite hostname="IMRAN-PC" failures="0" tests="2" name="com.testacademy.testcases.TestCase2" time="2.053" errors="0" timestamp="2024-03-06T19:59:02 IST" skipped="0">
  <testcase classname="com.testacademy.testcases.TestCase2" name="testCase1" time="1.040"/>
  <system-out/>
  <testcase classname="com.testacademy.testcases.TestCase2" name="testCase2" time="1.013"/>
  <system-out/>
</testsuite> <!-- com.testacademy.testcases.TestCase2 -->
