<?xml version="1.0" encoding="UTF-8"?>
<!-- Generated by org.testng.reporters.JUnitReportReporter -->
<testsuite hostname="IMRAN-PC" failures="0" tests="1" name="com.testacademy.testcases2.TestCase2" time="8.393" errors="0" timestamp="2024-03-08T19:36:04 IST" skipped="0">
  <testcase classname="com.testacademy.testcases2.TestCase2" name="testCase1" time="8.393"/>
  <system-out/>
</testsuite> <!-- com.testacademy.testcases2.TestCase2 -->
