<?xml version="1.0" encoding="UTF-8"?>
<!-- Generated by org.testng.reporters.JUnitReportReporter -->
<testsuite hostname="IMRAN-PC" failures="0" tests="2" name="com.testacademy.testcases.TestNgAnnotations" time="0.006" errors="0" timestamp="2024-03-06T19:46:10 IST" skipped="0">
  <testcase classname="com.testacademy.testcases.TestNgAnnotations" name="testCase1" time="0.006"/>
  <system-out/>
  <testcase classname="com.testacademy.testcases.TestNgAnnotations" name="testCase2" time="0.000"/>
  <system-out/>
</testsuite> <!-- com.testacademy.testcases.TestNgAnnotations -->
