<?xml version="1.0" encoding="UTF-8"?>
<!-- Generated by org.testng.reporters.JUnitReportReporter -->
<testsuite hostname="IMRAN-PC" failures="0" tests="2" name="com.testacademy.testcases.TestCase1" time="8.049" errors="0" timestamp="2024-03-06T19:28:25 IST" skipped="0">
  <testcase classname="com.testacademy.testcases.TestCase1" name="testCase2" time="4.427"/>
  <system-out/>
  <testcase classname="com.testacademy.testcases.TestCase1" name="testCase1" time="3.622"/>
  <system-out/>
</testsuite> <!-- com.testacademy.testcases.TestCase1 -->
